INFO:root:Input args: Namespace(dname='SVHN', seeds=[42], architecture='CIFAR10_CNN', accountant='rdp', individualize='sampling', log_iteration=100, lr=0.1, momentum=0.5, epochs=50, n_workers=6, batch_size=1024, max_physical_batch_size=1024, delta=1e-05, budgets=[1.0, 2.0, 3.0], ratios=[0.54, 0.37, 0.09], max_grad_norm=0.6, noise_multiplier=1.396484375, weights=None, adapt_weights_to_budgets=True, use_cuda='True', save_path='../svhn_results/sampling/SVHN/epochs_50_batch_1024_lr_0.1_max_grad_norm_0.6_budgets_1.0_2.0_3.0_ratios_0.54_0.37_0.09_seeds_42', mode='mia', accuracy_log='accuracy.log', assign_budget='even', class_budgets=[1.0, 1.0, 1.0, 1.0, 1.0, 1.0, 1.0, 1.0, 1.0, 1.0], mia_ndata=73257, mia_count=0, allow_excess=False, save_model='True')
INFO:root:seed: 42,   max_iteration: 3577,   1 epoch ~= 72 iterations
INFO:root:seed: 42,   max_iteration: 3577,   1 epoch ~= 72 iterations
INFO:root:Initializing privacy parameters:   max_grad_norm=0.6,   sample_rate=0.013888888888888888,   noise_multiplier 1.9686750488281248,   individual sample_rates=[0.007440186472473144, 0.014013672734863283, 0.020190430485595705]
INFO:root:iteration: 0,   train accuracy: 7.99,   test accuracy: 7.59,   loss: 2.30626,   DP costs: [0.186, 0.22, 0.247],   average batch-size: 995,   best alpha: [38.22, 33.33, 30.42],   time: 1
INFO:root:iteration: 100,   train accuracy: 19.14,   test accuracy: 19.59,   loss: 2.2343,   DP costs: [0.225, 0.338, 0.474],   average batch-size: 1050,   best alpha: [37.31, 32.02, 28.43],   time: 12
INFO:root:iteration: 200,   train accuracy: 18.76,   test accuracy: 19.59,   loss: 2.24976,   DP costs: [0.259, 0.446, 0.66],   average batch-size: 1013,   best alpha: [37.16, 31.26, 23.22],   time: 21
INFO:root:iteration: 300,   train accuracy: 18.76,   test accuracy: 19.59,   loss: 2.24613,   DP costs: [0.293, 0.545, 0.808],   average batch-size: 987,   best alpha: [37.01, 27.74, 19.92],   time: 32
INFO:root:iteration: 400,   train accuracy: 19.08,   test accuracy: 19.59,   loss: 2.23914,   DP costs: [0.326, 0.63, 0.935],   average batch-size: 950,   best alpha: [36.86, 24.73, 17.79],   time: 43
INFO:root:iteration: 500,   train accuracy: 18.88,   test accuracy: 19.59,   loss: 2.25901,   DP costs: [0.358, 0.706, 1.049],   average batch-size: 1056,   best alpha: [36.57, 22.58, 16.27],   time: 54
INFO:root:iteration: 600,   train accuracy: 19.08,   test accuracy: 19.59,   loss: 2.27818,   DP costs: [0.391, 0.775, 1.152],   average batch-size: 1008,   best alpha: [36.27, 21.04, 15.12],   time: 65
INFO:root:iteration: 700,   train accuracy: 18.98,   test accuracy: 19.59,   loss: 2.25369,   DP costs: [0.423, 0.839, 1.248],   average batch-size: 1013,   best alpha: [35.13, 19.76, 14.22],   time: 76
INFO:root:iteration: 800,   train accuracy: 18.89,   test accuracy: 19.59,   loss: 2.24097,   DP costs: [0.453, 0.9, 1.338],   average batch-size: 1022,   best alpha: [33.21, 18.71, 13.48],   time: 87
INFO:root:iteration: 900,   train accuracy: 18.91,   test accuracy: 19.59,   loss: 2.24887,   DP costs: [0.482, 0.956, 1.424],   average batch-size: 1075,   best alpha: [31.66, 17.78, 12.87],   time: 98
INFO:root:iteration: 1000,   train accuracy: 18.96,   test accuracy: 19.59,   loss: 2.25878,   DP costs: [0.509, 1.011, 1.505],   average batch-size: 1020,   best alpha: [30.18, 17.04, 12.35],   time: 107
INFO:root:iteration: 1100,   train accuracy: 19.06,   test accuracy: 19.59,   loss: 2.25283,   DP costs: [0.535, 1.062, 1.583],   average batch-size: 1024,   best alpha: [29.0, 16.39, 11.84],   time: 117
INFO:root:iteration: 1200,   train accuracy: 18.97,   test accuracy: 19.59,   loss: 2.21905,   DP costs: [0.56, 1.112, 1.657],   average batch-size: 1006,   best alpha: [27.98, 15.83, 11.45],   time: 126
INFO:root:iteration: 1300,   train accuracy: 18.88,   test accuracy: 19.59,   loss: 2.2483,   DP costs: [0.584, 1.16, 1.729],   average batch-size: 1112,   best alpha: [27.1, 15.29, 11.11],   time: 137
INFO:root:iteration: 1400,   train accuracy: 18.99,   test accuracy: 19.59,   loss: 2.24335,   DP costs: [0.607, 1.206, 1.799],   average batch-size: 1015,   best alpha: [26.26, 14.82, 10.78],   time: 147
INFO:root:iteration: 1500,   train accuracy: 19.15,   test accuracy: 19.59,   loss: 2.2343,   DP costs: [0.629, 1.251, 1.866],   average batch-size: 1086,   best alpha: [25.44, 14.43, 10.46],   time: 158
INFO:root:iteration: 1600,   train accuracy: 18.91,   test accuracy: 19.59,   loss: 2.23982,   DP costs: [0.651, 1.295, 1.932],   average batch-size: 983,   best alpha: [24.74, 14.05, 10.2],   time: 169
INFO:root:iteration: 1700,   train accuracy: 18.85,   test accuracy: 19.59,   loss: 2.23812,   DP costs: [0.672, 1.337, 1.996],   average batch-size: 1028,   best alpha: [24.16, 13.68, 9.93],   time: 179
INFO:root:iteration: 1800,   train accuracy: 19.25,   test accuracy: 19.59,   loss: 2.23943,   DP costs: [0.692, 1.378, 2.058],   average batch-size: 1055,   best alpha: [23.5, 13.37, 9.72],   time: 190
INFO:root:iteration: 1900,   train accuracy: 18.7,   test accuracy: 19.59,   loss: 2.24536,   DP costs: [0.712, 1.418, 2.119],   average batch-size: 1029,   best alpha: [23.04, 13.07, 9.5],   time: 200
INFO:root:iteration: 2000,   train accuracy: 18.71,   test accuracy: 19.59,   loss: 2.24884,   DP costs: [0.732, 1.458, 2.178],   average batch-size: 949,   best alpha: [22.5, 12.77, 9.33],   time: 210
INFO:root:iteration: 2100,   train accuracy: 19.03,   test accuracy: 19.59,   loss: 2.24536,   DP costs: [0.751, 1.496, 2.236],   average batch-size: 1019,   best alpha: [22.07, 12.53, 9.13],   time: 221
INFO:root:iteration: 2200,   train accuracy: 19.03,   test accuracy: 19.59,   loss: 2.25698,   DP costs: [0.77, 1.534, 2.293],   average batch-size: 985,   best alpha: [21.64, 12.3, 8.96],   time: 231
INFO:root:iteration: 2300,   train accuracy: 19.06,   test accuracy: 19.59,   loss: 2.26686,   DP costs: [0.788, 1.571, 2.349],   average batch-size: 1035,   best alpha: [21.21, 12.06, 8.8],   time: 242
INFO:root:iteration: 2400,   train accuracy: 19.07,   test accuracy: 19.59,   loss: 2.23176,   DP costs: [0.806, 1.607, 2.404],   average batch-size: 978,   best alpha: [20.8, 11.84, 8.67],   time: 253
INFO:root:iteration: 2500,   train accuracy: 19.11,   test accuracy: 19.59,   loss: 2.23427,   DP costs: [0.823, 1.642, 2.457],   average batch-size: 1008,   best alpha: [20.48, 11.66, 8.51],   time: 263
INFO:root:iteration: 2600,   train accuracy: 18.86,   test accuracy: 19.59,   loss: 2.26309,   DP costs: [0.841, 1.677, 2.51],   average batch-size: 978,   best alpha: [20.08, 11.49, 8.39],   time: 274
INFO:root:iteration: 2700,   train accuracy: 19.08,   test accuracy: 19.59,   loss: 2.25088,   DP costs: [0.858, 1.712, 2.562],   average batch-size: 1019,   best alpha: [19.77, 11.27, 8.27],   time: 284
INFO:root:iteration: 2800,   train accuracy: 19.23,   test accuracy: 19.59,   loss: 2.24286,   DP costs: [0.874, 1.745, 2.614],   average batch-size: 1019,   best alpha: [19.46, 11.11, 8.15],   time: 294
INFO:root:iteration: 2900,   train accuracy: 18.88,   test accuracy: 19.59,   loss: 2.26753,   DP costs: [0.891, 1.779, 2.664],   average batch-size: 914,   best alpha: [19.16, 10.98, 8.03],   time: 305
INFO:root:iteration: 3000,   train accuracy: 19.0,   test accuracy: 19.59,   loss: 2.285,   DP costs: [0.907, 1.811, 2.714],   average batch-size: 1092,   best alpha: [18.94, 10.82, 7.92],   time: 315
INFO:root:iteration: 3100,   train accuracy: 18.7,   test accuracy: 19.59,   loss: 2.25252,   DP costs: [0.923, 1.844, 2.763],   average batch-size: 976,   best alpha: [18.64, 10.66, 7.81],   time: 325
INFO:root:iteration: 3200,   train accuracy: 19.09,   test accuracy: 19.59,   loss: 2.25848,   DP costs: [0.939, 1.876, 2.811],   average batch-size: 978,   best alpha: [18.43, 10.54, 7.72],   time: 335
INFO:root:iteration: 3300,   train accuracy: 19.0,   test accuracy: 19.58,   loss: 2.21563,   DP costs: [0.954, 1.907, 2.859],   average batch-size: 1074,   best alpha: [18.14, 10.38, 7.64],   time: 346
INFO:root:iteration: 3400,   train accuracy: 19.06,   test accuracy: 19.58,   loss: 2.25662,   DP costs: [0.969, 1.938, 2.906],   average batch-size: 1021,   best alpha: [17.93, 10.27, 7.53],   time: 355
INFO:root:iteration: 3500,   train accuracy: 18.78,   test accuracy: 19.58,   loss: 2.27759,   DP costs: [0.985, 1.969, 2.953],   average batch-size: 999,   best alpha: [17.72, 10.15, 7.45],   time: 364
INFO:root:iteration: 3576,   train accuracy: 19.13,   test accuracy: 19.6,   loss: 2.25737,   DP costs: [0.996, 1.992, 2.988],   average batch-size: 1004,   best alpha: [17.52, 10.04, 7.4],   time: 373
INFO:root:Terminate: The maximum of iterations is reached!
