INFO:root:Input args: Namespace(dname='SVHN', seeds=[42], architecture='CIFAR10_CNN', accountant='rdp', individualize='sampling', log_iteration=100, lr=0.1, momentum=0.5, epochs=50, n_workers=6, batch_size=1024, max_physical_batch_size=1024, delta=1e-05, budgets=[1.0, 2.0, 3.0], ratios=[0.54, 0.37, 0.09], max_grad_norm=0.6, noise_multiplier=1.396484375, weights=None, adapt_weights_to_budgets=True, use_cuda='True', save_path='../svhn_results/sampling/SVHN/epochs_50_batch_1024_lr_0.1_max_grad_norm_0.6_budgets_1.0_2.0_3.0_ratios_0.54_0.37_0.09_seeds_42', mode='mia', accuracy_log='accuracy.log', assign_budget='random', class_budgets=[1.0, 1.0, 1.0, 1.0, 1.0, 1.0, 1.0, 1.0, 1.0, 1.0], mia_ndata=73257, mia_count=0, allow_excess=False, save_model='True')
INFO:root:seed: 42,   max_iteration: 3577,   1 epoch ~= 72 iterations
INFO:root:seed: 42,   max_iteration: 3577,   1 epoch ~= 72 iterations
INFO:root:Initializing privacy parameters:   max_grad_norm=0.6,   sample_rate=0.013888888888888888,   noise_multiplier 2.414209411621094,   individual sample_rates=[0.009381104421813965, 0.017663575042114257, 0.02543945387060547]
INFO:root:iteration: 0,   train accuracy: 7.95,   test accuracy: 7.59,   loss: 2.3065,   DP costs: [0.123, 0.148, 0.167],   average batch-size: 1026,   best alpha: [54.5, 46.98, 42.62],   time: 2
INFO:root:iteration: 100,   train accuracy: 19.03,   test accuracy: 19.59,   loss: 2.24747,   DP costs: [0.175, 0.31, 0.46],   average batch-size: 1103,   best alpha: [53.41, 43.86, 31.42],   time: 33
INFO:root:iteration: 200,   train accuracy: 18.7,   test accuracy: 19.59,   loss: 2.24469,   DP costs: [0.223, 0.438, 0.649],   average batch-size: 994,   best alpha: [53.19, 33.52, 24.07],   time: 63
INFO:root:iteration: 300,   train accuracy: 18.65,   test accuracy: 19.59,   loss: 2.23475,   DP costs: [0.271, 0.538, 0.798],   average batch-size: 965,   best alpha: [50.88, 28.46, 20.4],   time: 91
INFO:root:iteration: 400,   train accuracy: 19.14,   test accuracy: 19.59,   loss: 2.23543,   DP costs: [0.315, 0.623, 0.926],   average batch-size: 933,   best alpha: [45.25, 25.26, 18.22],   time: 119
INFO:root:iteration: 500,   train accuracy: 18.81,   test accuracy: 19.59,   loss: 2.25037,   DP costs: [0.353, 0.7, 1.039],   average batch-size: 1050,   best alpha: [41.08, 23.07, 16.59],   time: 149
INFO:root:iteration: 600,   train accuracy: 19.03,   test accuracy: 19.59,   loss: 2.24573,   DP costs: [0.388, 0.769, 1.143],   average batch-size: 1005,   best alpha: [38.06, 21.4, 15.42],   time: 178
INFO:root:iteration: 700,   train accuracy: 18.88,   test accuracy: 19.59,   loss: 2.24221,   DP costs: [0.42, 0.834, 1.24],   average batch-size: 1107,   best alpha: [35.7, 20.02, 14.44],   time: 209
INFO:root:iteration: 800,   train accuracy: 18.88,   test accuracy: 19.59,   loss: 2.26134,   DP costs: [0.451, 0.894, 1.33],   average batch-size: 1020,   best alpha: [33.62, 18.96, 13.69],   time: 239
INFO:root:iteration: 900,   train accuracy: 19.07,   test accuracy: 19.59,   loss: 2.22683,   DP costs: [0.479, 0.952, 1.416],   average batch-size: 1049,   best alpha: [32.04, 18.02, 13.03],   time: 269
INFO:root:iteration: 1000,   train accuracy: 18.82,   test accuracy: 19.59,   loss: 2.24303,   DP costs: [0.507, 1.006, 1.498],   average batch-size: 1060,   best alpha: [30.54, 17.26, 12.49],   time: 299
INFO:root:iteration: 1100,   train accuracy: 18.9,   test accuracy: 19.59,   loss: 2.24674,   DP costs: [0.533, 1.058, 1.576],   average batch-size: 1005,   best alpha: [29.35, 16.54, 12.03],   time: 328
INFO:root:iteration: 1200,   train accuracy: 18.95,   test accuracy: 19.59,   loss: 2.2294,   DP costs: [0.558, 1.108, 1.651],   average batch-size: 953,   best alpha: [28.32, 15.98, 11.58],   time: 356
INFO:root:iteration: 1300,   train accuracy: 18.87,   test accuracy: 19.59,   loss: 2.22906,   DP costs: [0.582, 1.156, 1.723],   average batch-size: 1064,   best alpha: [27.32, 15.43, 11.2],   time: 387
INFO:root:iteration: 1400,   train accuracy: 18.95,   test accuracy: 19.59,   loss: 2.26553,   DP costs: [0.605, 1.203, 1.793],   average batch-size: 1052,   best alpha: [26.47, 14.96, 10.87],   time: 417
INFO:root:iteration: 1500,   train accuracy: 19.05,   test accuracy: 19.59,   loss: 2.26971,   DP costs: [0.627, 1.248, 1.861],   average batch-size: 1049,   best alpha: [25.64, 14.57, 10.59],   time: 448
INFO:root:iteration: 1600,   train accuracy: 18.85,   test accuracy: 19.59,   loss: 2.24324,   DP costs: [0.649, 1.291, 1.927],   average batch-size: 949,   best alpha: [24.94, 14.12, 10.27],   time: 475
INFO:root:iteration: 1700,   train accuracy: 18.77,   test accuracy: 19.59,   loss: 2.30716,   DP costs: [0.67, 1.334, 1.991],   average batch-size: 1053,   best alpha: [24.35, 13.8, 10.05],   time: 505
INFO:root:iteration: 1800,   train accuracy: 18.89,   test accuracy: 19.59,   loss: 2.2226,   DP costs: [0.691, 1.375, 2.053],   average batch-size: 1001,   best alpha: [23.69, 13.44, 9.79],   time: 534
INFO:root:iteration: 1900,   train accuracy: 18.78,   test accuracy: 19.59,   loss: 2.23966,   DP costs: [0.711, 1.416, 2.114],   average batch-size: 1044,   best alpha: [23.23, 13.19, 9.58],   time: 564
INFO:root:iteration: 2000,   train accuracy: 18.58,   test accuracy: 19.59,   loss: 2.26698,   DP costs: [0.731, 1.455, 2.174],   average batch-size: 941,   best alpha: [22.68, 12.89, 9.4],   time: 592
INFO:root:iteration: 2100,   train accuracy: 18.78,   test accuracy: 19.59,   loss: 2.23,   DP costs: [0.75, 1.494, 2.232],   average batch-size: 1068,   best alpha: [22.15, 12.6, 9.2],   time: 623
INFO:root:iteration: 2200,   train accuracy: 18.81,   test accuracy: 19.59,   loss: 2.23162,   DP costs: [0.769, 1.532, 2.289],   average batch-size: 971,   best alpha: [21.72, 12.36, 9.03],   time: 654
INFO:root:iteration: 2300,   train accuracy: 18.83,   test accuracy: 19.59,   loss: 2.24459,   DP costs: [0.787, 1.569, 2.345],   average batch-size: 1001,   best alpha: [21.3, 12.13, 8.86],   time: 683
INFO:root:iteration: 2400,   train accuracy: 18.94,   test accuracy: 19.58,   loss: 2.25078,   DP costs: [0.805, 1.605, 2.4],   average batch-size: 985,   best alpha: [20.97, 11.95, 8.7],   time: 716
INFO:root:iteration: 2500,   train accuracy: 18.86,   test accuracy: 19.59,   loss: 2.20192,   DP costs: [0.823, 1.641, 2.454],   average batch-size: 1001,   best alpha: [20.56, 11.72, 8.58],   time: 745
INFO:root:iteration: 2600,   train accuracy: 18.92,   test accuracy: 19.58,   loss: 2.24864,   DP costs: [0.84, 1.676, 2.508],   average batch-size: 960,   best alpha: [20.24, 11.55, 8.45],   time: 773
INFO:root:iteration: 2700,   train accuracy: 18.89,   test accuracy: 19.59,   loss: 2.27919,   DP costs: [0.857, 1.71, 2.56],   average batch-size: 1068,   best alpha: [19.92, 11.38, 8.3],   time: 804
INFO:root:iteration: 2800,   train accuracy: 19.09,   test accuracy: 19.59,   loss: 2.24118,   DP costs: [0.874, 1.744, 2.611],   average batch-size: 1050,   best alpha: [19.61, 11.21, 8.18],   time: 834
INFO:root:iteration: 2900,   train accuracy: 18.73,   test accuracy: 19.6,   loss: 2.26663,   DP costs: [0.891, 1.778, 2.662],   average batch-size: 924,   best alpha: [19.31, 11.04, 8.06],   time: 861
INFO:root:iteration: 3000,   train accuracy: 18.87,   test accuracy: 19.6,   loss: 2.21667,   DP costs: [0.907, 1.811, 2.712],   average batch-size: 1032,   best alpha: [19.01, 10.87, 7.98],   time: 891
INFO:root:iteration: 3100,   train accuracy: 18.73,   test accuracy: 19.6,   loss: 2.24808,   DP costs: [0.923, 1.843, 2.762],   average batch-size: 1031,   best alpha: [18.72, 10.71, 7.86],   time: 920
INFO:root:iteration: 3200,   train accuracy: 18.91,   test accuracy: 19.65,   loss: 2.24327,   DP costs: [0.939, 1.875, 2.81],   average batch-size: 1014,   best alpha: [18.5, 10.59, 7.75],   time: 950
INFO:root:iteration: 3300,   train accuracy: 18.88,   test accuracy: 19.61,   loss: 2.22482,   DP costs: [0.954, 1.907, 2.858],   average batch-size: 1053,   best alpha: [18.21, 10.44, 7.67],   time: 980
INFO:root:iteration: 3400,   train accuracy: 19.12,   test accuracy: 19.6,   loss: 2.24968,   DP costs: [0.97, 1.938, 2.906],   average batch-size: 1126,   best alpha: [18.0, 10.32, 7.59],   time: 1011
INFO:root:iteration: 3500,   train accuracy: 18.85,   test accuracy: 19.58,   loss: 2.24034,   DP costs: [0.985, 1.969, 2.952],   average batch-size: 989,   best alpha: [17.79, 10.21, 7.48],   time: 1040
INFO:root:iteration: 3576,   train accuracy: 18.93,   test accuracy: 19.58,   loss: 2.25676,   DP costs: [0.996, 1.992, 2.988],   average batch-size: 1094,   best alpha: [17.58, 10.09, 7.43],   time: 1065
INFO:root:Terminate: The maximum of iterations is reached!
