INFO:root:Input args: Namespace(dname='MNIST', seeds=[0], architecture='MNIST_CNN', accountant='rdp', individualize='clipping', log_iteration=100, lr=0.6, momentum=0.5, epochs=80, n_workers=6, batch_size=512, max_physical_batch_size=128, delta=1e-05, budgets=[1.0, 2.0, 3.0], ratios=[0.54, 0.37, 0.09], max_grad_norm=0.2, noise_multiplier=3.42529, weights=None, adapt_weights_to_budgets=True, use_cuda='True', save_path='../mnist_results/clipping/MNIST/epochs_80_batch_512_lr_0.6_max_grad_norm_0.2_budgets_1.0_2.0_3.0_ratios_0.54_0.37_0.09_seeds_0', mode='mia', accuracy_log='accuracy.log', assign_budget='random', class_budgets=[1.0, 1.0, 1.0, 1.0, 1.0, 1.0, 1.0, 1.0, 1.0, 1.0], mia_ndata=60000, mia_count=0, allow_excess=False, save_model='True')
INFO:root:seed: 0,   max_iteration: 9375,   1 epoch ~= 117 iterations
INFO:root:seed: 0,   max_iteration: 9375,   1 epoch ~= 117 iterations
INFO:root:Initializing privacy parameters:   max_grad_norm=0.2,   sample_rate=0.00847457627118644,   noise_multiplier 2.688330078125,   individual max_grad_norms=[0.15696935138987883, 0.28001017164653524, 0.37742587832047986]
INFO:root:iteration: 0,   train accuracy: 10.19,   test accuracy: 10.11,   loss: 2.31262,   DP costs: [0.053, 0.204, 0.406],   average batch-size: 513,   best alpha: [111.95, 35.44, 19.85],   time: 2
INFO:root:iteration: 100,   train accuracy: 71.36,   test accuracy: 72.97,   loss: 1.10009,   DP costs: [0.092, 0.254, 0.482],   average batch-size: 505,   best alpha: [110.59, 34.46, 18.79],   time: 18
INFO:root:iteration: 200,   train accuracy: 81.29,   test accuracy: 82.03,   loss: 0.56052,   DP costs: [0.129, 0.297, 0.535],   average batch-size: 507,   best alpha: [97.04, 34.19, 18.65],   time: 34
INFO:root:iteration: 300,   train accuracy: 87.67,   test accuracy: 87.8,   loss: 0.38963,   DP costs: [0.16, 0.34, 0.585],   average batch-size: 509,   best alpha: [81.43, 34.05, 18.5],   time: 50
INFO:root:iteration: 400,   train accuracy: 89.64,   test accuracy: 90.84,   loss: 0.37052,   DP costs: [0.186, 0.382, 0.634],   average batch-size: 511,   best alpha: [72.07, 33.91, 18.36],   time: 65
INFO:root:iteration: 500,   train accuracy: 91.86,   test accuracy: 92.5,   loss: 0.07659,   DP costs: [0.209, 0.424, 0.682],   average batch-size: 516,   best alpha: [65.38, 33.51, 18.29],   time: 81
INFO:root:iteration: 600,   train accuracy: 92.97,   test accuracy: 93.48,   loss: 0.44733,   DP costs: [0.23, 0.464, 0.73],   average batch-size: 513,   best alpha: [60.28, 32.32, 18.21],   time: 97
INFO:root:iteration: 700,   train accuracy: 93.69,   test accuracy: 94.07,   loss: 0.21372,   DP costs: [0.249, 0.503, 0.777],   average batch-size: 506,   best alpha: [56.27, 30.32, 18.07],   time: 113
INFO:root:iteration: 800,   train accuracy: 93.57,   test accuracy: 94.59,   loss: 0.2156,   DP costs: [0.267, 0.539, 0.823],   average batch-size: 505,   best alpha: [53.17, 28.68, 17.93],   time: 129
INFO:root:iteration: 900,   train accuracy: 93.53,   test accuracy: 94.96,   loss: 0.3069,   DP costs: [0.284, 0.572, 0.869],   average batch-size: 511,   best alpha: [50.44, 27.23, 17.79],   time: 145
INFO:root:iteration: 1000,   train accuracy: 94.47,   test accuracy: 95.14,   loss: 0.2853,   DP costs: [0.301, 0.605, 0.915],   average batch-size: 494,   best alpha: [48.06, 26.07, 17.59],   time: 160
INFO:root:iteration: 1100,   train accuracy: 95.52,   test accuracy: 95.47,   loss: 0.10072,   DP costs: [0.316, 0.635, 0.959],   average batch-size: 506,   best alpha: [46.16, 25.06, 17.25],   time: 176
INFO:root:iteration: 1200,   train accuracy: 95.18,   test accuracy: 95.7,   loss: 0.33777,   DP costs: [0.331, 0.665, 1.003],   average batch-size: 502,   best alpha: [44.33, 24.18, 16.79],   time: 192
INFO:root:iteration: 1300,   train accuracy: 95.26,   test accuracy: 96.0,   loss: 0.25468,   DP costs: [0.346, 0.693, 1.045],   average batch-size: 506,   best alpha: [42.75, 23.34, 16.27],   time: 207
INFO:root:iteration: 1400,   train accuracy: 95.61,   test accuracy: 96.06,   loss: 0.24293,   DP costs: [0.36, 0.721, 1.085],   average batch-size: 504,   best alpha: [41.4, 22.7, 15.84],   time: 222
INFO:root:iteration: 1500,   train accuracy: 95.88,   test accuracy: 96.13,   loss: 0.21014,   DP costs: [0.373, 0.747, 1.124],   average batch-size: 523,   best alpha: [40.25, 22.0, 15.42],   time: 238
INFO:root:iteration: 1600,   train accuracy: 95.28,   test accuracy: 96.29,   loss: 0.27975,   DP costs: [0.386, 0.773, 1.162],   average batch-size: 501,   best alpha: [38.97, 21.4, 15.01],   time: 254
INFO:root:iteration: 1700,   train accuracy: 96.31,   test accuracy: 96.37,   loss: 0.23641,   DP costs: [0.399, 0.798, 1.2],   average batch-size: 508,   best alpha: [38.05, 20.9, 14.66],   time: 270
INFO:root:iteration: 1800,   train accuracy: 96.39,   test accuracy: 96.46,   loss: 0.19388,   DP costs: [0.411, 0.822, 1.236],   average batch-size: 511,   best alpha: [36.99, 20.34, 14.33],   time: 285
INFO:root:iteration: 1900,   train accuracy: 95.97,   test accuracy: 96.34,   loss: 0.15337,   DP costs: [0.423, 0.846, 1.271],   average batch-size: 501,   best alpha: [36.11, 19.94, 14.0],   time: 301
INFO:root:iteration: 2000,   train accuracy: 95.88,   test accuracy: 96.44,   loss: 0.12576,   DP costs: [0.435, 0.869, 1.305],   average batch-size: 496,   best alpha: [35.4, 19.48, 13.74],   time: 316
INFO:root:iteration: 2100,   train accuracy: 96.83,   test accuracy: 96.6,   loss: 0.26363,   DP costs: [0.446, 0.892, 1.339],   average batch-size: 512,   best alpha: [34.56, 19.1, 13.48],   time: 331
INFO:root:iteration: 2200,   train accuracy: 96.05,   test accuracy: 96.72,   loss: 0.09903,   DP costs: [0.457, 0.914, 1.372],   average batch-size: 515,   best alpha: [33.87, 18.73, 13.22],   time: 347
INFO:root:iteration: 2300,   train accuracy: 96.51,   test accuracy: 96.75,   loss: 0.11895,   DP costs: [0.468, 0.936, 1.404],   average batch-size: 507,   best alpha: [33.2, 18.37, 12.98],   time: 362
INFO:root:iteration: 2400,   train accuracy: 97.11,   test accuracy: 96.64,   loss: 0.0942,   DP costs: [0.479, 0.957, 1.436],   average batch-size: 503,   best alpha: [32.54, 18.01, 12.78],   time: 378
INFO:root:iteration: 2500,   train accuracy: 96.62,   test accuracy: 96.74,   loss: 0.00742,   DP costs: [0.49, 0.978, 1.467],   average batch-size: 515,   best alpha: [32.03, 17.74, 12.54],   time: 394
INFO:root:iteration: 2600,   train accuracy: 96.47,   test accuracy: 96.69,   loss: 0.216,   DP costs: [0.5, 0.999, 1.498],   average batch-size: 514,   best alpha: [31.39, 17.39, 12.35],   time: 410
INFO:root:iteration: 2700,   train accuracy: 96.48,   test accuracy: 96.77,   loss: 0.255,   DP costs: [0.51, 1.019, 1.528],   average batch-size: 513,   best alpha: [30.9, 17.13, 12.16],   time: 426
INFO:root:iteration: 2800,   train accuracy: 96.6,   test accuracy: 96.77,   loss: 0.08378,   DP costs: [0.52, 1.039, 1.558],   average batch-size: 515,   best alpha: [30.41, 16.86, 11.98],   time: 442
INFO:root:iteration: 2900,   train accuracy: 97.23,   test accuracy: 96.92,   loss: 0.14235,   DP costs: [0.53, 1.059, 1.587],   average batch-size: 503,   best alpha: [29.93, 16.6, 11.85],   time: 457
INFO:root:iteration: 3000,   train accuracy: 96.48,   test accuracy: 97.08,   loss: 0.09513,   DP costs: [0.54, 1.078, 1.615],   average batch-size: 498,   best alpha: [29.45, 16.41, 11.67],   time: 473
INFO:root:iteration: 3100,   train accuracy: 97.1,   test accuracy: 97.07,   loss: 0.01507,   DP costs: [0.549, 1.097, 1.644],   average batch-size: 524,   best alpha: [29.1, 16.16, 11.49],   time: 489
INFO:root:iteration: 3200,   train accuracy: 96.95,   test accuracy: 97.01,   loss: 0.04465,   DP costs: [0.559, 1.116, 1.672],   average batch-size: 497,   best alpha: [28.64, 15.97, 11.37],   time: 505
INFO:root:iteration: 3300,   train accuracy: 96.72,   test accuracy: 97.08,   loss: 0.10383,   DP costs: [0.568, 1.134, 1.699],   average batch-size: 510,   best alpha: [28.3, 15.73, 11.24],   time: 521
INFO:root:iteration: 3400,   train accuracy: 96.71,   test accuracy: 97.04,   loss: 0.232,   DP costs: [0.577, 1.152, 1.726],   average batch-size: 499,   best alpha: [27.86, 15.55, 11.11],   time: 531
INFO:root:iteration: 3500,   train accuracy: 97.11,   test accuracy: 97.13,   loss: 0.06531,   DP costs: [0.586, 1.17, 1.753],   average batch-size: 521,   best alpha: [27.53, 15.37, 10.95],   time: 541
INFO:root:iteration: 3600,   train accuracy: 96.44,   test accuracy: 97.06,   loss: 0.1023,   DP costs: [0.595, 1.188, 1.78],   average batch-size: 503,   best alpha: [27.2, 15.19, 10.82],   time: 550
INFO:root:iteration: 3700,   train accuracy: 97.04,   test accuracy: 97.21,   loss: 0.12625,   DP costs: [0.604, 1.206, 1.806],   average batch-size: 513,   best alpha: [26.88, 15.02, 10.7],   time: 559
INFO:root:iteration: 3800,   train accuracy: 97.37,   test accuracy: 97.31,   loss: 0.11996,   DP costs: [0.613, 1.223, 1.832],   average batch-size: 522,   best alpha: [26.56, 14.84, 10.62],   time: 568
INFO:root:iteration: 3900,   train accuracy: 97.78,   test accuracy: 97.35,   loss: 0.04317,   DP costs: [0.621, 1.24, 1.857],   average batch-size: 507,   best alpha: [26.25, 14.67, 10.51],   time: 578
INFO:root:iteration: 4000,   train accuracy: 96.58,   test accuracy: 97.32,   loss: 0.0349,   DP costs: [0.63, 1.257, 1.882],   average batch-size: 509,   best alpha: [25.94, 14.51, 10.39],   time: 587
INFO:root:iteration: 4100,   train accuracy: 97.71,   test accuracy: 97.31,   loss: 0.05556,   DP costs: [0.638, 1.274, 1.907],   average batch-size: 509,   best alpha: [25.63, 14.34, 10.27],   time: 596
INFO:root:iteration: 4200,   train accuracy: 96.5,   test accuracy: 97.36,   loss: 0.18557,   DP costs: [0.646, 1.29, 1.932],   average batch-size: 506,   best alpha: [25.43, 14.23, 10.2],   time: 606
INFO:root:iteration: 4300,   train accuracy: 97.25,   test accuracy: 97.43,   loss: 0.04113,   DP costs: [0.655, 1.307, 1.957],   average batch-size: 503,   best alpha: [25.13, 14.07, 10.08],   time: 615
INFO:root:iteration: 4400,   train accuracy: 96.89,   test accuracy: 97.45,   loss: 0.05325,   DP costs: [0.663, 1.323, 1.981],   average batch-size: 511,   best alpha: [24.83, 13.91, 10.01],   time: 625
INFO:root:iteration: 4500,   train accuracy: 97.03,   test accuracy: 97.39,   loss: 0.05553,   DP costs: [0.671, 1.339, 2.005],   average batch-size: 495,   best alpha: [24.63, 13.8, 9.9],   time: 634
INFO:root:iteration: 4600,   train accuracy: 97.58,   test accuracy: 97.34,   loss: 0.06892,   DP costs: [0.679, 1.355, 2.029],   average batch-size: 505,   best alpha: [24.34, 13.7, 9.83],   time: 646
INFO:root:iteration: 4700,   train accuracy: 96.69,   test accuracy: 97.33,   loss: 0.08159,   DP costs: [0.687, 1.371, 2.052],   average batch-size: 505,   best alpha: [24.15, 13.54, 9.75],   time: 656
INFO:root:iteration: 4800,   train accuracy: 96.97,   test accuracy: 97.41,   loss: 0.13746,   DP costs: [0.694, 1.386, 2.076],   average batch-size: 505,   best alpha: [23.96, 13.44, 9.65],   time: 665
INFO:root:iteration: 4900,   train accuracy: 97.78,   test accuracy: 97.45,   loss: 0.38741,   DP costs: [0.702, 1.402, 2.099],   average batch-size: 499,   best alpha: [23.68, 13.33, 9.57],   time: 674
INFO:root:iteration: 5000,   train accuracy: 97.47,   test accuracy: 97.39,   loss: 0.09409,   DP costs: [0.71, 1.417, 2.122],   average batch-size: 513,   best alpha: [23.49, 13.18, 9.5],   time: 684
INFO:root:iteration: 5100,   train accuracy: 96.81,   test accuracy: 97.35,   loss: 0.06169,   DP costs: [0.717, 1.432, 2.144],   average batch-size: 500,   best alpha: [23.31, 13.08, 9.43],   time: 693
INFO:root:iteration: 5200,   train accuracy: 97.53,   test accuracy: 97.32,   loss: 0.07187,   DP costs: [0.725, 1.447, 2.167],   average batch-size: 509,   best alpha: [23.13, 12.98, 9.37],   time: 702
INFO:root:iteration: 5300,   train accuracy: 97.17,   test accuracy: 97.39,   loss: 0.12773,   DP costs: [0.732, 1.462, 2.189],   average batch-size: 511,   best alpha: [22.85, 12.89, 9.26],   time: 715
INFO:root:iteration: 5400,   train accuracy: 97.32,   test accuracy: 97.47,   loss: 0.14224,   DP costs: [0.74, 1.477, 2.211],   average batch-size: 513,   best alpha: [22.67, 12.79, 9.19],   time: 724
INFO:root:iteration: 5500,   train accuracy: 97.17,   test accuracy: 97.41,   loss: 0.07805,   DP costs: [0.747, 1.492, 2.233],   average batch-size: 507,   best alpha: [22.5, 12.69, 9.13],   time: 733
INFO:root:iteration: 5600,   train accuracy: 97.44,   test accuracy: 97.51,   loss: 0.18026,   DP costs: [0.754, 1.506, 2.255],   average batch-size: 513,   best alpha: [22.32, 12.6, 9.06],   time: 743
INFO:root:iteration: 5700,   train accuracy: 98.49,   test accuracy: 97.53,   loss: 0.08204,   DP costs: [0.762, 1.521, 2.277],   average batch-size: 513,   best alpha: [22.14, 12.5, 8.99],   time: 753
INFO:root:iteration: 5800,   train accuracy: 96.41,   test accuracy: 97.46,   loss: 0.05764,   DP costs: [0.769, 1.535, 2.298],   average batch-size: 510,   best alpha: [21.97, 12.41, 8.96],   time: 762
INFO:root:iteration: 5900,   train accuracy: 97.58,   test accuracy: 97.51,   loss: 0.12961,   DP costs: [0.776, 1.549, 2.32],   average batch-size: 517,   best alpha: [21.8, 12.31, 8.9],   time: 771
INFO:root:iteration: 6000,   train accuracy: 97.03,   test accuracy: 97.59,   loss: 0.10778,   DP costs: [0.783, 1.563, 2.341],   average batch-size: 509,   best alpha: [21.63, 12.22, 8.83],   time: 781
INFO:root:iteration: 6100,   train accuracy: 96.79,   test accuracy: 97.63,   loss: 0.1216,   DP costs: [0.79, 1.577, 2.362],   average batch-size: 496,   best alpha: [21.54, 12.13, 8.77],   time: 791
INFO:root:iteration: 6200,   train accuracy: 97.77,   test accuracy: 97.66,   loss: 0.04532,   DP costs: [0.797, 1.591, 2.383],   average batch-size: 518,   best alpha: [21.37, 12.04, 8.7],   time: 802
INFO:root:iteration: 6300,   train accuracy: 97.02,   test accuracy: 97.57,   loss: 0.26449,   DP costs: [0.804, 1.605, 2.404],   average batch-size: 510,   best alpha: [21.21, 11.94, 8.64],   time: 812
INFO:root:iteration: 6400,   train accuracy: 97.73,   test accuracy: 97.59,   loss: 0.10431,   DP costs: [0.81, 1.619, 2.424],   average batch-size: 521,   best alpha: [21.04, 11.9, 8.61],   time: 822
INFO:root:iteration: 6500,   train accuracy: 97.28,   test accuracy: 97.55,   loss: 0.05858,   DP costs: [0.817, 1.632, 2.445],   average batch-size: 518,   best alpha: [20.88, 11.81, 8.55],   time: 832
INFO:root:iteration: 6600,   train accuracy: 97.39,   test accuracy: 97.68,   loss: 0.21417,   DP costs: [0.824, 1.646, 2.465],   average batch-size: 509,   best alpha: [20.79, 11.72, 8.48],   time: 843
INFO:root:iteration: 6700,   train accuracy: 97.41,   test accuracy: 97.66,   loss: 0.08026,   DP costs: [0.831, 1.659, 2.485],   average batch-size: 512,   best alpha: [20.63, 11.68, 8.45],   time: 853
INFO:root:iteration: 6800,   train accuracy: 97.99,   test accuracy: 97.74,   loss: 0.0158,   DP costs: [0.837, 1.673, 2.505],   average batch-size: 503,   best alpha: [20.47, 11.59, 8.39],   time: 863
INFO:root:iteration: 6900,   train accuracy: 97.24,   test accuracy: 97.74,   loss: 0.07381,   DP costs: [0.844, 1.686, 2.525],   average batch-size: 501,   best alpha: [20.39, 11.5, 8.33],   time: 873
INFO:root:iteration: 7000,   train accuracy: 97.42,   test accuracy: 97.69,   loss: 0.17544,   DP costs: [0.851, 1.699, 2.545],   average batch-size: 513,   best alpha: [20.23, 11.46, 8.3],   time: 884
INFO:root:iteration: 7100,   train accuracy: 97.91,   test accuracy: 97.72,   loss: 0.04827,   DP costs: [0.857, 1.712, 2.565],   average batch-size: 514,   best alpha: [20.07, 11.37, 8.24],   time: 894
INFO:root:iteration: 7200,   train accuracy: 97.45,   test accuracy: 97.65,   loss: 0.02944,   DP costs: [0.864, 1.725, 2.585],   average batch-size: 515,   best alpha: [19.99, 11.33, 8.21],   time: 904
INFO:root:iteration: 7300,   train accuracy: 97.91,   test accuracy: 97.59,   loss: 0.12366,   DP costs: [0.87, 1.738, 2.604],   average batch-size: 505,   best alpha: [19.84, 11.25, 8.15],   time: 914
INFO:root:iteration: 7400,   train accuracy: 97.2,   test accuracy: 97.61,   loss: 0.08224,   DP costs: [0.876, 1.751, 2.623],   average batch-size: 507,   best alpha: [19.76, 11.16, 8.12],   time: 924
INFO:root:iteration: 7500,   train accuracy: 97.18,   test accuracy: 97.61,   loss: 0.00546,   DP costs: [0.883, 1.764, 2.643],   average batch-size: 503,   best alpha: [19.61, 11.12, 8.06],   time: 935
INFO:root:iteration: 7600,   train accuracy: 97.25,   test accuracy: 97.68,   loss: 0.10174,   DP costs: [0.889, 1.777, 2.662],   average batch-size: 498,   best alpha: [19.53, 11.04, 8.03],   time: 945
INFO:root:iteration: 7700,   train accuracy: 97.55,   test accuracy: 97.65,   loss: 0.1556,   DP costs: [0.895, 1.789, 2.681],   average batch-size: 520,   best alpha: [19.38, 11.0, 7.98],   time: 955
INFO:root:iteration: 7800,   train accuracy: 97.79,   test accuracy: 97.61,   loss: 0.2158,   DP costs: [0.902, 1.802, 2.7],   average batch-size: 506,   best alpha: [19.3, 10.95, 7.95],   time: 965
INFO:root:iteration: 7900,   train accuracy: 97.65,   test accuracy: 97.54,   loss: 0.09126,   DP costs: [0.908, 1.815, 2.719],   average batch-size: 505,   best alpha: [19.15, 10.87, 7.92],   time: 975
INFO:root:iteration: 8000,   train accuracy: 97.75,   test accuracy: 97.56,   loss: 0.19181,   DP costs: [0.914, 1.827, 2.737],   average batch-size: 504,   best alpha: [19.08, 10.83, 7.86],   time: 991
INFO:root:iteration: 8100,   train accuracy: 97.68,   test accuracy: 97.63,   loss: 0.02783,   DP costs: [0.92, 1.839, 2.756],   average batch-size: 511,   best alpha: [18.93, 10.75, 7.83],   time: 1009
INFO:root:iteration: 8200,   train accuracy: 97.1,   test accuracy: 97.65,   loss: 0.21157,   DP costs: [0.926, 1.852, 2.775],   average batch-size: 503,   best alpha: [18.85, 10.71, 7.78],   time: 1027
INFO:root:iteration: 8300,   train accuracy: 97.65,   test accuracy: 97.64,   loss: 0.05518,   DP costs: [0.932, 1.864, 2.793],   average batch-size: 509,   best alpha: [18.78, 10.67, 7.75],   time: 1047
INFO:root:iteration: 8400,   train accuracy: 97.89,   test accuracy: 97.58,   loss: 0.04218,   DP costs: [0.938, 1.876, 2.811],   average batch-size: 512,   best alpha: [18.64, 10.59, 7.72],   time: 1066
INFO:root:iteration: 8500,   train accuracy: 97.58,   test accuracy: 97.66,   loss: 0.01346,   DP costs: [0.945, 1.888, 2.83],   average batch-size: 525,   best alpha: [18.56, 10.55, 7.67],   time: 1085
INFO:root:iteration: 8600,   train accuracy: 97.56,   test accuracy: 97.61,   loss: 0.03015,   DP costs: [0.951, 1.9, 2.848],   average batch-size: 515,   best alpha: [18.49, 10.51, 7.64],   time: 1105
INFO:root:iteration: 8700,   train accuracy: 96.82,   test accuracy: 97.6,   loss: 0.10163,   DP costs: [0.956, 1.912, 2.866],   average batch-size: 507,   best alpha: [18.35, 10.43, 7.61],   time: 1124
INFO:root:iteration: 8800,   train accuracy: 98.21,   test accuracy: 97.65,   loss: 0.10455,   DP costs: [0.962, 1.924, 2.884],   average batch-size: 505,   best alpha: [18.28, 10.4, 7.59],   time: 1143
INFO:root:iteration: 8900,   train accuracy: 97.92,   test accuracy: 97.7,   loss: 0.10461,   DP costs: [0.968, 1.936, 2.902],   average batch-size: 507,   best alpha: [18.2, 10.36, 7.53],   time: 1161
INFO:root:iteration: 9000,   train accuracy: 97.52,   test accuracy: 97.46,   loss: 0.16585,   DP costs: [0.974, 1.948, 2.92],   average batch-size: 499,   best alpha: [18.13, 10.28, 7.5],   time: 1181
INFO:root:iteration: 9100,   train accuracy: 97.43,   test accuracy: 97.59,   loss: 0.14441,   DP costs: [0.98, 1.96, 2.938],   average batch-size: 511,   best alpha: [17.99, 10.24, 7.48],   time: 1198
INFO:root:iteration: 9200,   train accuracy: 97.85,   test accuracy: 97.7,   loss: 0.12296,   DP costs: [0.986, 1.971, 2.955],   average batch-size: 511,   best alpha: [17.92, 10.2, 7.45],   time: 1218
INFO:root:iteration: 9300,   train accuracy: 98.14,   test accuracy: 97.54,   loss: 0.19908,   DP costs: [0.992, 1.983, 2.973],   average batch-size: 504,   best alpha: [17.85, 10.17, 7.4],   time: 1238
INFO:root:iteration: 9374,   train accuracy: 97.29,   test accuracy: 97.68,   loss: 0.15035,   DP costs: [0.996, 1.992, 2.986],   average batch-size: 522,   best alpha: [17.78, 10.13, 7.4],   time: 1254
INFO:root:Terminate: The maximum of iterations is reached!
