INFO:root:Input args: Namespace(dname='MNIST', seeds=[0], architecture='MNIST_CNN', accountant='rdp', individualize='sampling', log_iteration=100, lr=0.6, momentum=0.5, epochs=80, n_workers=6, batch_size=512, max_physical_batch_size=512, delta=1e-05, budgets=[1.0, 2.0, 3.0], ratios=[0.54, 0.37, 0.09], max_grad_norm=0.2, noise_multiplier=3.42529, weights=None, adapt_weights_to_budgets=True, use_cuda='True', save_path='../mnist_results/sampling/MNIST/epochs_80_batch_512_lr_0.6_max_grad_norm_0.2_budgets_1.0_2.0_3.0_ratios_0.54_0.37_0.09_seeds_0', mode='mia', accuracy_log='accuracy.log', assign_budget='random', class_budgets=[1.0, 1.0, 1.0, 1.0, 1.0, 1.0, 1.0, 1.0, 1.0, 1.0], mia_ndata=60000, mia_count=0, allow_excess=False, save_model='True')
INFO:root:seed: 0,   max_iteration: 9375,   1 epoch ~= 117 iterations
INFO:root:seed: 0,   max_iteration: 9375,   1 epoch ~= 117 iterations
INFO:root:Initializing privacy parameters:   max_grad_norm=0.2,   sample_rate=0.00847457627118644,   noise_multiplier 2.3763695068359376,   individual sample_rates=[0.005722046841217041, 0.01077270597039795, 0.015515137563598635]
INFO:root:iteration: 0,   train accuracy: 10.13,   test accuracy: 10.03,   loss: 2.31146,   DP costs: [0.113, 0.132, 0.147],   average batch-size: 507,   best alpha: [58.54, 51.3, 47.08],   time: 1
INFO:root:iteration: 100,   train accuracy: 71.22,   test accuracy: 72.68,   loss: 1.13242,   DP costs: [0.135, 0.199, 0.276],   average batch-size: 524,   best alpha: [57.6, 50.07, 45.4],   time: 9
INFO:root:iteration: 200,   train accuracy: 80.28,   test accuracy: 81.16,   loss: 0.68117,   DP costs: [0.154, 0.262, 0.388],   average batch-size: 513,   best alpha: [57.36, 49.46, 37.13],   time: 17
INFO:root:iteration: 300,   train accuracy: 86.64,   test accuracy: 86.97,   loss: 0.39811,   DP costs: [0.174, 0.322, 0.477],   average batch-size: 515,   best alpha: [57.36, 44.0, 31.51],   time: 24
INFO:root:iteration: 400,   train accuracy: 89.17,   test accuracy: 90.13,   loss: 0.37365,   DP costs: [0.193, 0.373, 0.553],   average batch-size: 511,   best alpha: [57.13, 39.15, 27.96],   time: 32
INFO:root:iteration: 500,   train accuracy: 91.13,   test accuracy: 92.01,   loss: 0.23064,   DP costs: [0.213, 0.418, 0.62],   average batch-size: 532,   best alpha: [57.13, 35.56, 25.52],   time: 40
INFO:root:iteration: 600,   train accuracy: 92.65,   test accuracy: 93.09,   loss: 0.27057,   DP costs: [0.232, 0.46, 0.682],   average batch-size: 514,   best alpha: [56.67, 32.95, 23.58],   time: 48
INFO:root:iteration: 700,   train accuracy: 93.47,   test accuracy: 93.7,   loss: 0.27679,   DP costs: [0.251, 0.498, 0.739],   average batch-size: 490,   best alpha: [55.31, 30.91, 22.14],   time: 55
INFO:root:iteration: 800,   train accuracy: 93.31,   test accuracy: 94.3,   loss: 0.38744,   DP costs: [0.269, 0.534, 0.793],   average batch-size: 494,   best alpha: [52.26, 29.12, 20.95],   time: 63
INFO:root:iteration: 900,   train accuracy: 93.22,   test accuracy: 94.7,   loss: 0.30458,   DP costs: [0.287, 0.568, 0.843],   average batch-size: 496,   best alpha: [49.59, 27.76, 19.91],   time: 73
INFO:root:iteration: 1000,   train accuracy: 93.9,   test accuracy: 94.86,   loss: 0.23248,   DP costs: [0.303, 0.6, 0.891],   average batch-size: 503,   best alpha: [47.43, 26.47, 19.07],   time: 81
INFO:root:iteration: 1100,   train accuracy: 95.06,   test accuracy: 95.18,   loss: 0.17953,   DP costs: [0.318, 0.631, 0.937],   average batch-size: 495,   best alpha: [45.37, 25.44, 18.27],   time: 89
INFO:root:iteration: 1200,   train accuracy: 95.02,   test accuracy: 95.44,   loss: 0.08479,   DP costs: [0.333, 0.661, 0.981],   average batch-size: 491,   best alpha: [43.76, 24.55, 17.64],   time: 96
INFO:root:iteration: 1300,   train accuracy: 95.02,   test accuracy: 95.72,   loss: 0.21932,   DP costs: [0.348, 0.689, 1.024],   average batch-size: 489,   best alpha: [42.2, 23.69, 17.03],   time: 104
INFO:root:iteration: 1400,   train accuracy: 95.43,   test accuracy: 95.82,   loss: 0.16821,   DP costs: [0.361, 0.717, 1.065],   average batch-size: 501,   best alpha: [40.86, 22.96, 16.51],   time: 113
INFO:root:iteration: 1500,   train accuracy: 95.78,   test accuracy: 95.97,   loss: 0.18277,   DP costs: [0.375, 0.743, 1.105],   average batch-size: 544,   best alpha: [39.73, 22.24, 16.07],   time: 120
INFO:root:iteration: 1600,   train accuracy: 95.65,   test accuracy: 96.15,   loss: 0.17427,   DP costs: [0.388, 0.769, 1.143],   average batch-size: 494,   best alpha: [38.63, 21.64, 15.64],   time: 128
INFO:root:iteration: 1700,   train accuracy: 96.12,   test accuracy: 96.25,   loss: 0.07583,   DP costs: [0.4, 0.794, 1.181],   average batch-size: 528,   best alpha: [37.56, 21.14, 15.23],   time: 139
INFO:root:iteration: 1800,   train accuracy: 96.0,   test accuracy: 96.31,   loss: 0.141,   DP costs: [0.413, 0.819, 1.217],   average batch-size: 478,   best alpha: [36.66, 20.56, 14.88],   time: 146
INFO:root:iteration: 1900,   train accuracy: 95.58,   test accuracy: 96.28,   loss: 0.07298,   DP costs: [0.425, 0.842, 1.253],   average batch-size: 513,   best alpha: [35.79, 20.08, 14.54],   time: 154
INFO:root:iteration: 2000,   train accuracy: 96.31,   test accuracy: 96.43,   loss: 0.2005,   DP costs: [0.436, 0.866, 1.288],   average batch-size: 510,   best alpha: [34.94, 19.69, 14.21],   time: 161
INFO:root:iteration: 2100,   train accuracy: 96.81,   test accuracy: 96.54,   loss: 0.12849,   DP costs: [0.448, 0.889, 1.322],   average batch-size: 518,   best alpha: [34.25, 19.24, 13.94],   time: 169
INFO:root:iteration: 2200,   train accuracy: 96.17,   test accuracy: 96.68,   loss: 0.09745,   DP costs: [0.459, 0.911, 1.355],   average batch-size: 531,   best alpha: [33.57, 18.87, 13.62],   time: 179
INFO:root:iteration: 2300,   train accuracy: 96.39,   test accuracy: 96.64,   loss: 0.09764,   DP costs: [0.47, 0.933, 1.388],   average batch-size: 489,   best alpha: [32.9, 18.5, 13.42],   time: 187
INFO:root:iteration: 2400,   train accuracy: 96.8,   test accuracy: 96.59,   loss: 0.10418,   DP costs: [0.481, 0.954, 1.42],   average batch-size: 483,   best alpha: [32.25, 18.21, 13.16],   time: 195
INFO:root:iteration: 2500,   train accuracy: 96.64,   test accuracy: 96.69,   loss: 0.12392,   DP costs: [0.491, 0.975, 1.452],   average batch-size: 503,   best alpha: [31.74, 17.86, 12.92],   time: 202
INFO:root:iteration: 2600,   train accuracy: 96.11,   test accuracy: 96.61,   loss: 0.07961,   DP costs: [0.502, 0.996, 1.483],   average batch-size: 501,   best alpha: [31.24, 17.59, 12.72],   time: 210
INFO:root:iteration: 2700,   train accuracy: 96.52,   test accuracy: 96.76,   loss: 0.07065,   DP costs: [0.512, 1.016, 1.513],   average batch-size: 533,   best alpha: [30.62, 17.32, 12.53],   time: 217
INFO:root:iteration: 2800,   train accuracy: 96.61,   test accuracy: 96.75,   loss: 0.18614,   DP costs: [0.522, 1.036, 1.543],   average batch-size: 566,   best alpha: [30.14, 17.05, 12.34],   time: 225
INFO:root:iteration: 2900,   train accuracy: 97.28,   test accuracy: 96.85,   loss: 0.16244,   DP costs: [0.531, 1.056, 1.572],   average batch-size: 502,   best alpha: [29.66, 16.79, 12.15],   time: 233
INFO:root:iteration: 3000,   train accuracy: 96.53,   test accuracy: 96.97,   loss: 0.11205,   DP costs: [0.541, 1.075, 1.601],   average batch-size: 486,   best alpha: [29.31, 16.53, 11.97],   time: 240
INFO:root:iteration: 3100,   train accuracy: 97.16,   test accuracy: 97.0,   loss: 0.13775,   DP costs: [0.551, 1.094, 1.63],   average batch-size: 517,   best alpha: [28.85, 16.27, 11.79],   time: 248
INFO:root:iteration: 3200,   train accuracy: 96.71,   test accuracy: 97.01,   loss: 0.13258,   DP costs: [0.56, 1.113, 1.658],   average batch-size: 491,   best alpha: [28.5, 16.09, 11.66],   time: 255
INFO:root:iteration: 3300,   train accuracy: 96.11,   test accuracy: 97.09,   loss: 0.12447,   DP costs: [0.569, 1.131, 1.686],   average batch-size: 539,   best alpha: [28.05, 15.84, 11.49],   time: 263
INFO:root:iteration: 3400,   train accuracy: 96.57,   test accuracy: 97.0,   loss: 0.06373,   DP costs: [0.578, 1.149, 1.714],   average batch-size: 499,   best alpha: [27.72, 15.66, 11.36],   time: 270
INFO:root:iteration: 3500,   train accuracy: 97.6,   test accuracy: 97.07,   loss: 0.05347,   DP costs: [0.587, 1.167, 1.741],   average batch-size: 529,   best alpha: [27.39, 15.48, 11.23],   time: 278
INFO:root:iteration: 3600,   train accuracy: 96.47,   test accuracy: 97.11,   loss: 0.17024,   DP costs: [0.596, 1.185, 1.767],   average batch-size: 492,   best alpha: [26.96, 15.3, 11.1],   time: 285
INFO:root:iteration: 3700,   train accuracy: 96.89,   test accuracy: 97.18,   loss: 0.10056,   DP costs: [0.605, 1.203, 1.794],   average batch-size: 530,   best alpha: [26.64, 15.12, 10.98],   time: 293
INFO:root:iteration: 3800,   train accuracy: 97.29,   test accuracy: 97.22,   loss: 0.07638,   DP costs: [0.614, 1.22, 1.82],   average batch-size: 532,   best alpha: [26.33, 14.95, 10.86],   time: 300
INFO:root:iteration: 3900,   train accuracy: 97.14,   test accuracy: 97.25,   loss: 0.07088,   DP costs: [0.622, 1.237, 1.846],   average batch-size: 483,   best alpha: [26.12, 14.78, 10.74],   time: 308
INFO:root:iteration: 4000,   train accuracy: 96.99,   test accuracy: 97.2,   loss: 0.219,   DP costs: [0.631, 1.254, 1.871],   average batch-size: 511,   best alpha: [25.81, 14.61, 10.62],   time: 315
INFO:root:iteration: 4100,   train accuracy: 97.84,   test accuracy: 97.24,   loss: 0.06158,   DP costs: [0.639, 1.271, 1.897],   average batch-size: 517,   best alpha: [25.5, 14.44, 10.5],   time: 323
INFO:root:iteration: 4200,   train accuracy: 96.63,   test accuracy: 97.36,   loss: 0.18765,   DP costs: [0.647, 1.288, 1.922],   average batch-size: 476,   best alpha: [25.2, 14.28, 10.38],   time: 330
INFO:root:iteration: 4300,   train accuracy: 97.45,   test accuracy: 97.43,   loss: 0.07718,   DP costs: [0.656, 1.304, 1.947],   average batch-size: 506,   best alpha: [25.0, 14.17, 10.3],   time: 337
INFO:root:iteration: 4400,   train accuracy: 96.77,   test accuracy: 97.4,   loss: 0.10923,   DP costs: [0.664, 1.32, 1.971],   average batch-size: 491,   best alpha: [24.71, 14.01, 10.19],   time: 345
INFO:root:iteration: 4500,   train accuracy: 97.28,   test accuracy: 97.45,   loss: 0.11912,   DP costs: [0.672, 1.337, 1.995],   average batch-size: 499,   best alpha: [24.51, 13.9, 10.11],   time: 352
INFO:root:iteration: 4600,   train accuracy: 97.7,   test accuracy: 97.35,   loss: 0.08824,   DP costs: [0.68, 1.352, 2.019],   average batch-size: 462,   best alpha: [24.23, 13.74, 10.0],   time: 359
INFO:root:iteration: 4700,   train accuracy: 96.88,   test accuracy: 97.32,   loss: 0.08782,   DP costs: [0.687, 1.368, 2.043],   average batch-size: 531,   best alpha: [24.03, 13.64, 9.93],   time: 368
INFO:root:iteration: 4800,   train accuracy: 96.98,   test accuracy: 97.36,   loss: 0.15974,   DP costs: [0.695, 1.384, 2.067],   average batch-size: 494,   best alpha: [23.75, 13.48, 9.82],   time: 380
INFO:root:iteration: 4900,   train accuracy: 98.14,   test accuracy: 97.48,   loss: 0.18232,   DP costs: [0.703, 1.399, 2.09],   average batch-size: 501,   best alpha: [23.56, 13.38, 9.75],   time: 394
INFO:root:iteration: 5000,   train accuracy: 97.58,   test accuracy: 97.4,   loss: 0.12141,   DP costs: [0.711, 1.415, 2.113],   average batch-size: 497,   best alpha: [23.38, 13.28, 9.67],   time: 409
INFO:root:iteration: 5100,   train accuracy: 96.71,   test accuracy: 97.36,   loss: 0.11471,   DP costs: [0.718, 1.43, 2.136],   average batch-size: 491,   best alpha: [23.2, 13.17, 9.6],   time: 423
INFO:root:iteration: 5200,   train accuracy: 97.14,   test accuracy: 97.34,   loss: 0.04247,   DP costs: [0.726, 1.445, 2.159],   average batch-size: 530,   best alpha: [23.01, 13.03, 9.5],   time: 439
INFO:root:iteration: 5300,   train accuracy: 97.08,   test accuracy: 97.4,   loss: 0.02916,   DP costs: [0.733, 1.46, 2.182],   average batch-size: 523,   best alpha: [22.74, 12.93, 9.43],   time: 454
INFO:root:iteration: 5400,   train accuracy: 97.13,   test accuracy: 97.45,   loss: 0.12413,   DP costs: [0.74, 1.475, 2.204],   average batch-size: 538,   best alpha: [22.56, 12.83, 9.36],   time: 468
INFO:root:iteration: 5500,   train accuracy: 98.01,   test accuracy: 97.41,   loss: 0.1019,   DP costs: [0.748, 1.49, 2.226],   average batch-size: 511,   best alpha: [22.39, 12.73, 9.29],   time: 482
INFO:root:iteration: 5600,   train accuracy: 97.57,   test accuracy: 97.55,   loss: 0.09376,   DP costs: [0.755, 1.504, 2.249],   average batch-size: 542,   best alpha: [22.21, 12.63, 9.22],   time: 497
INFO:root:iteration: 5700,   train accuracy: 98.29,   test accuracy: 97.51,   loss: 0.16039,   DP costs: [0.762, 1.519, 2.27],   average batch-size: 515,   best alpha: [22.04, 12.54, 9.15],   time: 512
INFO:root:iteration: 5800,   train accuracy: 97.02,   test accuracy: 97.52,   loss: 0.08979,   DP costs: [0.769, 1.533, 2.292],   average batch-size: 495,   best alpha: [21.86, 12.44, 9.09],   time: 528
INFO:root:iteration: 5900,   train accuracy: 97.9,   test accuracy: 97.54,   loss: 0.10471,   DP costs: [0.776, 1.547, 2.314],   average batch-size: 524,   best alpha: [21.69, 12.35, 9.02],   time: 542
INFO:root:iteration: 6000,   train accuracy: 97.26,   test accuracy: 97.55,   loss: 0.09689,   DP costs: [0.783, 1.562, 2.335],   average batch-size: 494,   best alpha: [21.52, 12.26, 8.95],   time: 557
INFO:root:iteration: 6100,   train accuracy: 97.28,   test accuracy: 97.73,   loss: 0.08247,   DP costs: [0.79, 1.576, 2.357],   average batch-size: 464,   best alpha: [21.44, 12.21, 8.89],   time: 571
INFO:root:iteration: 6200,   train accuracy: 97.53,   test accuracy: 97.77,   loss: 0.08956,   DP costs: [0.797, 1.59, 2.378],   average batch-size: 510,   best alpha: [21.27, 12.12, 8.86],   time: 586
INFO:root:iteration: 6300,   train accuracy: 97.21,   test accuracy: 97.72,   loss: 0.06348,   DP costs: [0.804, 1.603, 2.399],   average batch-size: 518,   best alpha: [21.1, 12.03, 8.79],   time: 601
INFO:root:iteration: 6400,   train accuracy: 97.72,   test accuracy: 97.78,   loss: 0.14421,   DP costs: [0.811, 1.617, 2.419],   average batch-size: 511,   best alpha: [20.94, 11.94, 8.73],   time: 616
INFO:root:iteration: 6500,   train accuracy: 97.04,   test accuracy: 97.66,   loss: 0.08514,   DP costs: [0.818, 1.631, 2.44],   average batch-size: 543,   best alpha: [20.86, 11.85, 8.66],   time: 631
INFO:root:iteration: 6600,   train accuracy: 97.92,   test accuracy: 97.76,   loss: 0.10642,   DP costs: [0.824, 1.644, 2.461],   average batch-size: 539,   best alpha: [20.69, 11.8, 8.6],   time: 646
INFO:root:iteration: 6700,   train accuracy: 97.2,   test accuracy: 97.83,   loss: 0.17113,   DP costs: [0.831, 1.658, 2.481],   average batch-size: 512,   best alpha: [20.53, 11.71, 8.57],   time: 661
INFO:root:iteration: 6800,   train accuracy: 97.99,   test accuracy: 97.79,   loss: 0.09537,   DP costs: [0.838, 1.671, 2.502],   average batch-size: 468,   best alpha: [20.37, 11.63, 8.51],   time: 677
INFO:root:iteration: 6900,   train accuracy: 97.1,   test accuracy: 97.73,   loss: 0.10461,   DP costs: [0.844, 1.685, 2.522],   average batch-size: 523,   best alpha: [20.29, 11.58, 8.45],   time: 691
INFO:root:iteration: 7000,   train accuracy: 97.23,   test accuracy: 97.8,   loss: 0.0731,   DP costs: [0.851, 1.698, 2.542],   average batch-size: 497,   best alpha: [20.13, 11.5, 8.42],   time: 706
INFO:root:iteration: 7100,   train accuracy: 97.92,   test accuracy: 97.79,   loss: 0.12265,   DP costs: [0.857, 1.711, 2.562],   average batch-size: 499,   best alpha: [20.05, 11.41, 8.35],   time: 721
INFO:root:iteration: 7200,   train accuracy: 97.83,   test accuracy: 97.68,   loss: 0.07065,   DP costs: [0.864, 1.724, 2.582],   average batch-size: 502,   best alpha: [19.9, 11.37, 8.32],   time: 734
INFO:root:iteration: 7300,   train accuracy: 97.55,   test accuracy: 97.74,   loss: 0.14639,   DP costs: [0.87, 1.737, 2.601],   average batch-size: 462,   best alpha: [19.74, 11.28, 8.26],   time: 749
INFO:root:iteration: 7400,   train accuracy: 97.2,   test accuracy: 97.74,   loss: 0.19893,   DP costs: [0.877, 1.75, 2.621],   average batch-size: 507,   best alpha: [19.67, 11.24, 8.23],   time: 764
INFO:root:iteration: 7500,   train accuracy: 97.05,   test accuracy: 97.78,   loss: 0.07443,   DP costs: [0.883, 1.763, 2.64],   average batch-size: 513,   best alpha: [19.51, 11.15, 8.18],   time: 779
INFO:root:iteration: 7600,   train accuracy: 97.66,   test accuracy: 97.75,   loss: 0.10843,   DP costs: [0.889, 1.776, 2.66],   average batch-size: 472,   best alpha: [19.44, 11.11, 8.12],   time: 794
INFO:root:iteration: 7700,   train accuracy: 97.89,   test accuracy: 97.69,   loss: 0.04397,   DP costs: [0.896, 1.788, 2.679],   average batch-size: 519,   best alpha: [19.28, 11.03, 8.09],   time: 808
INFO:root:iteration: 7800,   train accuracy: 97.46,   test accuracy: 97.73,   loss: 0.04517,   DP costs: [0.902, 1.801, 2.698],   average batch-size: 508,   best alpha: [19.21, 10.99, 8.06],   time: 823
INFO:root:iteration: 7900,   train accuracy: 97.49,   test accuracy: 97.71,   loss: 0.06909,   DP costs: [0.908, 1.813, 2.717],   average batch-size: 530,   best alpha: [19.13, 10.91, 8.0],   time: 838
INFO:root:iteration: 8000,   train accuracy: 98.19,   test accuracy: 97.76,   loss: 0.02131,   DP costs: [0.914, 1.826, 2.736],   average batch-size: 472,   best alpha: [18.99, 10.87, 7.97],   time: 852
INFO:root:iteration: 8100,   train accuracy: 97.72,   test accuracy: 97.74,   loss: 0.07019,   DP costs: [0.92, 1.838, 2.755],   average batch-size: 508,   best alpha: [18.91, 10.83, 7.91],   time: 867
INFO:root:iteration: 8200,   train accuracy: 97.14,   test accuracy: 97.61,   loss: 0.09684,   DP costs: [0.926, 1.851, 2.774],   average batch-size: 488,   best alpha: [18.76, 10.74, 7.89],   time: 882
INFO:root:iteration: 8300,   train accuracy: 97.77,   test accuracy: 97.75,   loss: 0.06046,   DP costs: [0.933, 1.863, 2.793],   average batch-size: 503,   best alpha: [18.69, 10.7, 7.86],   time: 897
INFO:root:iteration: 8400,   train accuracy: 97.78,   test accuracy: 97.73,   loss: 0.07125,   DP costs: [0.939, 1.875, 2.811],   average batch-size: 499,   best alpha: [18.62, 10.62, 7.8],   time: 911
INFO:root:iteration: 8500,   train accuracy: 97.33,   test accuracy: 97.73,   loss: 0.06566,   DP costs: [0.945, 1.887, 2.83],   average batch-size: 548,   best alpha: [18.47, 10.58, 7.77],   time: 926
INFO:root:iteration: 8600,   train accuracy: 97.86,   test accuracy: 97.75,   loss: 0.04586,   DP costs: [0.951, 1.899, 2.848],   average batch-size: 538,   best alpha: [18.4, 10.55, 7.72],   time: 942
INFO:root:iteration: 8700,   train accuracy: 97.28,   test accuracy: 97.72,   loss: 0.12213,   DP costs: [0.956, 1.912, 2.866],   average batch-size: 488,   best alpha: [18.33, 10.47, 7.69],   time: 957
INFO:root:iteration: 8800,   train accuracy: 98.27,   test accuracy: 97.77,   loss: 0.05018,   DP costs: [0.962, 1.923, 2.885],   average batch-size: 488,   best alpha: [18.19, 10.43, 7.66],   time: 972
INFO:root:iteration: 8900,   train accuracy: 98.5,   test accuracy: 97.74,   loss: 0.08382,   DP costs: [0.968, 1.935, 2.903],   average batch-size: 519,   best alpha: [18.12, 10.39, 7.63],   time: 986
INFO:root:iteration: 9000,   train accuracy: 97.94,   test accuracy: 97.59,   loss: 0.05797,   DP costs: [0.974, 1.947, 2.921],   average batch-size: 507,   best alpha: [18.05, 10.35, 7.58],   time: 1002
INFO:root:iteration: 9100,   train accuracy: 97.13,   test accuracy: 97.61,   loss: 0.16997,   DP costs: [0.98, 1.959, 2.939],   average batch-size: 501,   best alpha: [17.98, 10.27, 7.55],   time: 1017
INFO:root:iteration: 9200,   train accuracy: 97.92,   test accuracy: 97.65,   loss: 0.0716,   DP costs: [0.986, 1.971, 2.957],   average batch-size: 465,   best alpha: [17.84, 10.24, 7.53],   time: 1031
INFO:root:iteration: 9300,   train accuracy: 98.08,   test accuracy: 97.63,   loss: 0.03169,   DP costs: [0.991, 1.983, 2.974],   average batch-size: 475,   best alpha: [17.77, 10.2, 7.5],   time: 1045
INFO:root:iteration: 9374,   train accuracy: 98.12,   test accuracy: 97.75,   loss: 0.0318,   DP costs: [0.996, 1.991, 2.987],   average batch-size: 505,   best alpha: [17.7, 10.16, 7.47],   time: 1059
INFO:root:Terminate: The maximum of iterations is reached!
